[0.022s] Invoking command in '/home/mandar/creatorbot_v1/tst_pkg/build/tst_pkg': CMAKE_PREFIX_PATH=${CMAKE_PREFIX_PATH}:/opt/ros/foxy /usr/bin/cmake /home/mandar/creatorbot_v1/tst_pkg -DCMAKE_INSTALL_PREFIX=/home/mandar/creatorbot_v1/tst_pkg/install/tst_pkg
[0.500s] -- The C compiler identification is GNU 9.4.0
[0.831s] -- The CXX compiler identification is GNU 9.4.0
[0.846s] -- Check for working C compiler: /usr/bin/cc
[0.925s] -- Check for working C compiler: /usr/bin/cc -- works
[0.930s] -- Detecting C compiler ABI info
[0.994s] -- Detecting C compiler ABI info - done
[1.004s] -- Detecting C compile features
[1.005s] -- Detecting C compile features - done
[1.010s] -- Check for working CXX compiler: /usr/bin/c++
[1.094s] -- Check for working CXX compiler: /usr/bin/c++ -- works
[1.095s] -- Detecting CXX compiler ABI info
[1.165s] -- Detecting CXX compiler ABI info - done
[1.174s] -- Detecting CXX compile features
[1.175s] -- Detecting CXX compile features - done
[1.189s] -- Found ament_cmake: 0.9.11 (/opt/ros/foxy/share/ament_cmake/cmake)
[1.219s] -- Found PythonInterp: /usr/bin/python3 (found suitable version "3.8.10", minimum required is "3") 
[1.219s] -- Using PYTHON_EXECUTABLE: /usr/bin/python3
[1.458s] -- Found ament_lint_auto: 0.9.7 (/opt/ros/foxy/share/ament_lint_auto/cmake)
[1.555s] -- Added test 'copyright' to check source files copyright and LICENSE
[1.559s] -- Added test 'cppcheck' to perform static code analysis on C / C++ code
[1.559s] -- Configured cppcheck include dirs: 
[1.559s] -- Configured cppcheck exclude dirs and/or files: 
[1.563s] -- Added test 'cpplint' to check C / C++ code against the Google style
[1.563s] -- Configured cpplint exclude dirs and/or files: 
[1.565s] -- Added test 'lint_cmake' to check CMake code style
[1.570s] -- Added test 'uncrustify' to check C / C++ code style
[1.570s] -- Configured uncrustify additional arguments: 
[1.571s] -- Added test 'xmllint' to check XML markup files
[1.574s] -- Configuring done
[1.576s] -- Generating done
[1.578s] -- Build files have been written to: /home/mandar/creatorbot_v1/tst_pkg/build/tst_pkg
[1.581s] Invoked command in '/home/mandar/creatorbot_v1/tst_pkg/build/tst_pkg' returned '0': CMAKE_PREFIX_PATH=${CMAKE_PREFIX_PATH}:/opt/ros/foxy /usr/bin/cmake /home/mandar/creatorbot_v1/tst_pkg -DCMAKE_INSTALL_PREFIX=/home/mandar/creatorbot_v1/tst_pkg/install/tst_pkg
[1.584s] Invoking command in '/home/mandar/creatorbot_v1/tst_pkg/build/tst_pkg': CMAKE_PREFIX_PATH=${CMAKE_PREFIX_PATH}:/opt/ros/foxy /usr/bin/cmake --build /home/mandar/creatorbot_v1/tst_pkg/build/tst_pkg -- -j2 -l2
[1.620s] Invoked command in '/home/mandar/creatorbot_v1/tst_pkg/build/tst_pkg' returned '0': CMAKE_PREFIX_PATH=${CMAKE_PREFIX_PATH}:/opt/ros/foxy /usr/bin/cmake --build /home/mandar/creatorbot_v1/tst_pkg/build/tst_pkg -- -j2 -l2
[1.655s] Invoking command in '/home/mandar/creatorbot_v1/tst_pkg/build/tst_pkg': CMAKE_PREFIX_PATH=${CMAKE_PREFIX_PATH}:/opt/ros/foxy /usr/bin/cmake --install /home/mandar/creatorbot_v1/tst_pkg/build/tst_pkg
[1.664s] -- Install configuration: ""
[1.665s] -- Installing: /home/mandar/creatorbot_v1/tst_pkg/install/tst_pkg/share/ament_index/resource_index/package_run_dependencies/tst_pkg
[1.665s] -- Installing: /home/mandar/creatorbot_v1/tst_pkg/install/tst_pkg/share/ament_index/resource_index/parent_prefix_path/tst_pkg
[1.665s] -- Installing: /home/mandar/creatorbot_v1/tst_pkg/install/tst_pkg/share/tst_pkg/environment/ament_prefix_path.sh
[1.666s] -- Installing: /home/mandar/creatorbot_v1/tst_pkg/install/tst_pkg/share/tst_pkg/environment/ament_prefix_path.dsv
[1.666s] -- Installing: /home/mandar/creatorbot_v1/tst_pkg/install/tst_pkg/share/tst_pkg/environment/path.sh
[1.666s] -- Installing: /home/mandar/creatorbot_v1/tst_pkg/install/tst_pkg/share/tst_pkg/environment/path.dsv
[1.666s] -- Installing: /home/mandar/creatorbot_v1/tst_pkg/install/tst_pkg/share/tst_pkg/local_setup.bash
[1.667s] -- Installing: /home/mandar/creatorbot_v1/tst_pkg/install/tst_pkg/share/tst_pkg/local_setup.sh
[1.667s] -- Installing: /home/mandar/creatorbot_v1/tst_pkg/install/tst_pkg/share/tst_pkg/local_setup.zsh
[1.667s] -- Installing: /home/mandar/creatorbot_v1/tst_pkg/install/tst_pkg/share/tst_pkg/local_setup.dsv
[1.667s] -- Installing: /home/mandar/creatorbot_v1/tst_pkg/install/tst_pkg/share/tst_pkg/package.dsv
[1.668s] -- Installing: /home/mandar/creatorbot_v1/tst_pkg/install/tst_pkg/share/ament_index/resource_index/packages/tst_pkg
[1.668s] -- Installing: /home/mandar/creatorbot_v1/tst_pkg/install/tst_pkg/share/tst_pkg/cmake/tst_pkgConfig.cmake
[1.668s] -- Installing: /home/mandar/creatorbot_v1/tst_pkg/install/tst_pkg/share/tst_pkg/cmake/tst_pkgConfig-version.cmake
[1.668s] -- Installing: /home/mandar/creatorbot_v1/tst_pkg/install/tst_pkg/share/tst_pkg/package.xml
[1.671s] Invoked command in '/home/mandar/creatorbot_v1/tst_pkg/build/tst_pkg' returned '0': CMAKE_PREFIX_PATH=${CMAKE_PREFIX_PATH}:/opt/ros/foxy /usr/bin/cmake --install /home/mandar/creatorbot_v1/tst_pkg/build/tst_pkg
