[0.235s] DEBUG:colcon:Command line arguments: ['/usr/bin/colcon', 'build', '--packages-select', 'tst_pkg']
[0.235s] DEBUG:colcon:Parsed command line arguments: Namespace(allow_overriding=[], ament_cmake_args=None, base_paths=['.'], build_base='build', catkin_cmake_args=None, catkin_skip_building_tests=False, cmake_args=None, cmake_clean_cache=False, cmake_clean_first=False, cmake_force_configure=False, cmake_target=None, cmake_target_skip_unavailable=False, continue_on_error=False, event_handlers=None, executor='parallel', ignore_user_meta=False, install_base='install', log_base=None, log_level=None, main=<bound method BuildVerb.main of <colcon_core.verb.build.BuildVerb object at 0x7f0ed7cb8430>>, merge_install=False, metas=['./colcon.meta'], packages_above=None, packages_above_and_dependencies=None, packages_above_depth=None, packages_end=None, packages_ignore=None, packages_ignore_regex=None, packages_select=['tst_pkg'], packages_select_build_failed=False, packages_select_by_dep=None, packages_select_regex=None, packages_select_test_failures=False, packages_skip=None, packages_skip_build_finished=False, packages_skip_by_dep=None, packages_skip_regex=None, packages_skip_test_passed=False, packages_skip_up_to=None, packages_start=None, packages_up_to=None, packages_up_to_regex=None, parallel_workers=2, paths=None, symlink_install=False, test_result_base=None, verb_extension=<colcon_core.verb.build.BuildVerb object at 0x7f0ed7cb8430>, verb_name='build', verb_parser=<colcon_defaults.argument_parser.defaults.DefaultArgumentsDecorator object at 0x7f0ed7cb8970>)
[0.260s] Level 1:colcon.colcon_core.package_discovery:discover_packages(colcon_meta) check parameters
[0.260s] Level 1:colcon.colcon_core.package_discovery:discover_packages(recursive) check parameters
[0.260s] Level 1:colcon.colcon_core.package_discovery:discover_packages(ignore) check parameters
[0.260s] Level 1:colcon.colcon_core.package_discovery:discover_packages(path) check parameters
[0.260s] Level 1:colcon.colcon_core.package_discovery:discover_packages(colcon_meta) discover
[0.260s] Level 1:colcon.colcon_core.package_discovery:discover_packages(recursive) discover
[0.260s] INFO:colcon.colcon_core.package_discovery:Crawling recursively for packages in '/home/mandar/creatorbot_v1/tst_pkg'
[0.260s] Level 1:colcon.colcon_core.package_identification:_identify(.) by extensions ['ignore', 'ignore_ament_install']
[0.260s] Level 1:colcon.colcon_core.package_identification:_identify(.) by extension 'ignore'
[0.260s] Level 1:colcon.colcon_core.package_identification:_identify(.) by extension 'ignore_ament_install'
[0.260s] Level 1:colcon.colcon_core.package_identification:_identify(.) by extensions ['colcon_pkg']
[0.260s] Level 1:colcon.colcon_core.package_identification:_identify(.) by extension 'colcon_pkg'
[0.260s] Level 1:colcon.colcon_core.package_identification:_identify(.) by extensions ['colcon_meta']
[0.260s] Level 1:colcon.colcon_core.package_identification:_identify(.) by extension 'colcon_meta'
[0.260s] Level 1:colcon.colcon_core.package_identification:_identify(.) by extensions ['ros']
[0.260s] Level 1:colcon.colcon_core.package_identification:_identify(.) by extension 'ros'
[0.288s] DEBUG:colcon.colcon_core.package_identification:Package '.' with type 'ros.ament_cmake' and name 'tst_pkg'
[0.288s] Level 1:colcon.colcon_core.package_discovery:discover_packages(recursive) using defaults
[0.288s] Level 1:colcon.colcon_core.package_discovery:discover_packages(ignore) discover
[0.288s] Level 1:colcon.colcon_core.package_discovery:discover_packages(ignore) using defaults
[0.288s] Level 1:colcon.colcon_core.package_discovery:discover_packages(path) discover
[0.288s] Level 1:colcon.colcon_core.package_discovery:discover_packages(path) using defaults
[0.305s] Level 1:colcon.colcon_core.package_discovery:discover_packages(prefix_path) check parameters
[0.305s] Level 1:colcon.colcon_core.package_discovery:discover_packages(prefix_path) discover
[0.307s] DEBUG:colcon.colcon_installed_package_information.package_discovery:Found 1 installed packages in /home/mandar/colcon_ws/install
[0.308s] DEBUG:colcon.colcon_installed_package_information.package_discovery:Found 332 installed packages in /opt/ros/foxy
[0.311s] Level 1:colcon.colcon_core.package_discovery:discover_packages(prefix_path) using defaults
[0.404s] Level 5:colcon.colcon_core.verb:set package 'tst_pkg' build argument 'cmake_args' from command line to 'None'
[0.404s] Level 5:colcon.colcon_core.verb:set package 'tst_pkg' build argument 'cmake_target' from command line to 'None'
[0.404s] Level 5:colcon.colcon_core.verb:set package 'tst_pkg' build argument 'cmake_target_skip_unavailable' from command line to 'False'
[0.404s] Level 5:colcon.colcon_core.verb:set package 'tst_pkg' build argument 'cmake_clean_cache' from command line to 'False'
[0.404s] Level 5:colcon.colcon_core.verb:set package 'tst_pkg' build argument 'cmake_clean_first' from command line to 'False'
[0.404s] Level 5:colcon.colcon_core.verb:set package 'tst_pkg' build argument 'cmake_force_configure' from command line to 'False'
[0.404s] Level 5:colcon.colcon_core.verb:set package 'tst_pkg' build argument 'ament_cmake_args' from command line to 'None'
[0.404s] Level 5:colcon.colcon_core.verb:set package 'tst_pkg' build argument 'catkin_cmake_args' from command line to 'None'
[0.404s] Level 5:colcon.colcon_core.verb:set package 'tst_pkg' build argument 'catkin_skip_building_tests' from command line to 'False'
[0.404s] DEBUG:colcon.colcon_core.verb:Building package 'tst_pkg' with the following arguments: {'ament_cmake_args': None, 'build_base': '/home/mandar/creatorbot_v1/tst_pkg/build/tst_pkg', 'catkin_cmake_args': None, 'catkin_skip_building_tests': False, 'cmake_args': None, 'cmake_clean_cache': False, 'cmake_clean_first': False, 'cmake_force_configure': False, 'cmake_target': None, 'cmake_target_skip_unavailable': False, 'install_base': '/home/mandar/creatorbot_v1/tst_pkg/install/tst_pkg', 'merge_install': False, 'path': '/home/mandar/creatorbot_v1/tst_pkg', 'symlink_install': False, 'test_result_base': None}
[0.405s] INFO:colcon.colcon_core.executor:Executing jobs using 'parallel' executor
[0.408s] DEBUG:colcon.colcon_parallel_executor.executor.parallel:run_until_complete
[0.408s] INFO:colcon.colcon_ros.task.ament_cmake.build:Building ROS package in '/home/mandar/creatorbot_v1/tst_pkg' with build type 'ament_cmake'
[0.408s] INFO:colcon.colcon_cmake.task.cmake.build:Building CMake package in '/home/mandar/creatorbot_v1/tst_pkg'
[0.414s] INFO:colcon.colcon_core.plugin_system:Skipping extension 'colcon_core.shell.bat': Not used on non-Windows systems
[0.415s] INFO:colcon.colcon_core.shell:Skip shell extension 'powershell' for command environment: Not usable outside of PowerShell
[0.415s] DEBUG:colcon.colcon_core.shell:Skip shell extension 'dsv' for command environment
[0.433s] DEBUG:colcon.colcon_core.event_handler.log_command:Invoking command in '/home/mandar/creatorbot_v1/tst_pkg/build/tst_pkg': CMAKE_PREFIX_PATH=${CMAKE_PREFIX_PATH}:/opt/ros/foxy /usr/bin/cmake /home/mandar/creatorbot_v1/tst_pkg -DCMAKE_INSTALL_PREFIX=/home/mandar/creatorbot_v1/tst_pkg/install/tst_pkg
[1.991s] DEBUG:colcon.colcon_core.event_handler.log_command:Invoked command in '/home/mandar/creatorbot_v1/tst_pkg/build/tst_pkg' returned '0': CMAKE_PREFIX_PATH=${CMAKE_PREFIX_PATH}:/opt/ros/foxy /usr/bin/cmake /home/mandar/creatorbot_v1/tst_pkg -DCMAKE_INSTALL_PREFIX=/home/mandar/creatorbot_v1/tst_pkg/install/tst_pkg
[1.995s] DEBUG:colcon.colcon_core.event_handler.log_command:Invoking command in '/home/mandar/creatorbot_v1/tst_pkg/build/tst_pkg': CMAKE_PREFIX_PATH=${CMAKE_PREFIX_PATH}:/opt/ros/foxy /usr/bin/cmake --build /home/mandar/creatorbot_v1/tst_pkg/build/tst_pkg -- -j2 -l2
[2.030s] DEBUG:colcon.colcon_core.event_handler.log_command:Invoked command in '/home/mandar/creatorbot_v1/tst_pkg/build/tst_pkg' returned '0': CMAKE_PREFIX_PATH=${CMAKE_PREFIX_PATH}:/opt/ros/foxy /usr/bin/cmake --build /home/mandar/creatorbot_v1/tst_pkg/build/tst_pkg -- -j2 -l2
[2.065s] DEBUG:colcon.colcon_core.event_handler.log_command:Invoking command in '/home/mandar/creatorbot_v1/tst_pkg/build/tst_pkg': CMAKE_PREFIX_PATH=${CMAKE_PREFIX_PATH}:/opt/ros/foxy /usr/bin/cmake --install /home/mandar/creatorbot_v1/tst_pkg/build/tst_pkg
[2.081s] Level 1:colcon.colcon_core.environment:create_environment_scripts_only(tst_pkg)
[2.081s] DEBUG:colcon.colcon_core.event_handler.log_command:Invoked command in '/home/mandar/creatorbot_v1/tst_pkg/build/tst_pkg' returned '0': CMAKE_PREFIX_PATH=${CMAKE_PREFIX_PATH}:/opt/ros/foxy /usr/bin/cmake --install /home/mandar/creatorbot_v1/tst_pkg/build/tst_pkg
[2.100s] Level 1:colcon.colcon_core.environment:checking '/home/mandar/creatorbot_v1/tst_pkg/install/tst_pkg' for CMake module files
[2.101s] Level 1:colcon.colcon_core.environment:checking '/home/mandar/creatorbot_v1/tst_pkg/install/tst_pkg' for CMake config files
[2.101s] Level 1:colcon.colcon_core.shell:create_environment_hook('tst_pkg', 'cmake_prefix_path')
[2.102s] INFO:colcon.colcon_core.shell:Creating environment hook '/home/mandar/creatorbot_v1/tst_pkg/install/tst_pkg/share/tst_pkg/hook/cmake_prefix_path.ps1'
[2.103s] INFO:colcon.colcon_core.shell:Creating environment descriptor '/home/mandar/creatorbot_v1/tst_pkg/install/tst_pkg/share/tst_pkg/hook/cmake_prefix_path.dsv'
[2.104s] INFO:colcon.colcon_core.shell:Creating environment hook '/home/mandar/creatorbot_v1/tst_pkg/install/tst_pkg/share/tst_pkg/hook/cmake_prefix_path.sh'
[2.106s] Level 1:colcon.colcon_core.environment:checking '/home/mandar/creatorbot_v1/tst_pkg/install/tst_pkg/bin'
[2.106s] Level 1:colcon.colcon_core.environment:checking '/home/mandar/creatorbot_v1/tst_pkg/install/tst_pkg/lib/pkgconfig/tst_pkg.pc'
[2.106s] Level 1:colcon.colcon_core.environment:checking '/home/mandar/creatorbot_v1/tst_pkg/install/tst_pkg/lib/python3.8/site-packages'
[2.106s] Level 1:colcon.colcon_core.environment:checking '/home/mandar/creatorbot_v1/tst_pkg/install/tst_pkg/bin'
[2.108s] INFO:colcon.colcon_core.shell:Creating package script '/home/mandar/creatorbot_v1/tst_pkg/install/tst_pkg/share/tst_pkg/package.ps1'
[2.109s] INFO:colcon.colcon_core.shell:Creating package descriptor '/home/mandar/creatorbot_v1/tst_pkg/install/tst_pkg/share/tst_pkg/package.dsv'
[2.110s] INFO:colcon.colcon_core.shell:Creating package script '/home/mandar/creatorbot_v1/tst_pkg/install/tst_pkg/share/tst_pkg/package.sh'
[2.113s] INFO:colcon.colcon_core.shell:Creating package script '/home/mandar/creatorbot_v1/tst_pkg/install/tst_pkg/share/tst_pkg/package.bash'
[2.114s] INFO:colcon.colcon_core.shell:Creating package script '/home/mandar/creatorbot_v1/tst_pkg/install/tst_pkg/share/tst_pkg/package.zsh'
[2.116s] Level 1:colcon.colcon_core.environment:create_file_with_runtime_dependencies(/home/mandar/creatorbot_v1/tst_pkg/install/tst_pkg/share/colcon-core/packages/tst_pkg)
[2.137s] Level 1:colcon.colcon_core.environment:create_environment_scripts_only(tst_pkg)
[2.139s] Level 1:colcon.colcon_core.environment:checking '/home/mandar/creatorbot_v1/tst_pkg/install/tst_pkg' for CMake module files
[2.139s] Level 1:colcon.colcon_core.environment:checking '/home/mandar/creatorbot_v1/tst_pkg/install/tst_pkg' for CMake config files
[2.139s] Level 1:colcon.colcon_core.shell:create_environment_hook('tst_pkg', 'cmake_prefix_path')
[2.140s] INFO:colcon.colcon_core.shell:Creating environment hook '/home/mandar/creatorbot_v1/tst_pkg/install/tst_pkg/share/tst_pkg/hook/cmake_prefix_path.ps1'
[2.141s] INFO:colcon.colcon_core.shell:Creating environment descriptor '/home/mandar/creatorbot_v1/tst_pkg/install/tst_pkg/share/tst_pkg/hook/cmake_prefix_path.dsv'
[2.141s] INFO:colcon.colcon_core.shell:Creating environment hook '/home/mandar/creatorbot_v1/tst_pkg/install/tst_pkg/share/tst_pkg/hook/cmake_prefix_path.sh'
[2.142s] Level 1:colcon.colcon_core.environment:checking '/home/mandar/creatorbot_v1/tst_pkg/install/tst_pkg/bin'
[2.142s] Level 1:colcon.colcon_core.environment:checking '/home/mandar/creatorbot_v1/tst_pkg/install/tst_pkg/lib/pkgconfig/tst_pkg.pc'
[2.142s] Level 1:colcon.colcon_core.environment:checking '/home/mandar/creatorbot_v1/tst_pkg/install/tst_pkg/lib/python3.8/site-packages'
[2.143s] Level 1:colcon.colcon_core.environment:checking '/home/mandar/creatorbot_v1/tst_pkg/install/tst_pkg/bin'
[2.144s] INFO:colcon.colcon_core.shell:Creating package script '/home/mandar/creatorbot_v1/tst_pkg/install/tst_pkg/share/tst_pkg/package.ps1'
[2.145s] INFO:colcon.colcon_core.shell:Creating package descriptor '/home/mandar/creatorbot_v1/tst_pkg/install/tst_pkg/share/tst_pkg/package.dsv'
[2.146s] INFO:colcon.colcon_core.shell:Creating package script '/home/mandar/creatorbot_v1/tst_pkg/install/tst_pkg/share/tst_pkg/package.sh'
[2.146s] INFO:colcon.colcon_core.shell:Creating package script '/home/mandar/creatorbot_v1/tst_pkg/install/tst_pkg/share/tst_pkg/package.bash'
[2.147s] INFO:colcon.colcon_core.shell:Creating package script '/home/mandar/creatorbot_v1/tst_pkg/install/tst_pkg/share/tst_pkg/package.zsh'
[2.148s] Level 1:colcon.colcon_core.environment:create_file_with_runtime_dependencies(/home/mandar/creatorbot_v1/tst_pkg/install/tst_pkg/share/colcon-core/packages/tst_pkg)
[2.148s] DEBUG:colcon.colcon_parallel_executor.executor.parallel:closing loop
[2.149s] DEBUG:colcon.colcon_parallel_executor.executor.parallel:loop closed
[2.149s] DEBUG:colcon.colcon_parallel_executor.executor.parallel:run_until_complete finished with '0'
[2.149s] DEBUG:colcon.colcon_core.event_reactor:joining thread
[2.155s] INFO:colcon.colcon_core.plugin_system:Skipping extension 'colcon_notification.desktop_notification.terminal_notifier': Not used on non-Darwin systems
[2.156s] INFO:colcon.colcon_core.plugin_system:Skipping extension 'colcon_notification.desktop_notification.win32': Not used on non-Windows systems
[2.156s] INFO:colcon.colcon_notification.desktop_notification:Sending desktop notification using 'notify2'
[2.182s] DEBUG:colcon.colcon_core.event_reactor:joined thread
[2.183s] INFO:colcon.colcon_core.shell:Creating prefix script '/home/mandar/creatorbot_v1/tst_pkg/install/local_setup.ps1'
[2.185s] INFO:colcon.colcon_core.shell:Creating prefix util module '/home/mandar/creatorbot_v1/tst_pkg/install/_local_setup_util_ps1.py'
[2.186s] INFO:colcon.colcon_core.shell:Creating prefix chain script '/home/mandar/creatorbot_v1/tst_pkg/install/setup.ps1'
[2.188s] INFO:colcon.colcon_core.shell:Creating prefix script '/home/mandar/creatorbot_v1/tst_pkg/install/local_setup.sh'
[2.188s] INFO:colcon.colcon_core.shell:Creating prefix util module '/home/mandar/creatorbot_v1/tst_pkg/install/_local_setup_util_sh.py'
[2.189s] INFO:colcon.colcon_core.shell:Creating prefix chain script '/home/mandar/creatorbot_v1/tst_pkg/install/setup.sh'
[2.190s] INFO:colcon.colcon_core.shell:Creating prefix script '/home/mandar/creatorbot_v1/tst_pkg/install/local_setup.bash'
[2.190s] INFO:colcon.colcon_core.shell:Creating prefix chain script '/home/mandar/creatorbot_v1/tst_pkg/install/setup.bash'
[2.192s] INFO:colcon.colcon_core.shell:Creating prefix script '/home/mandar/creatorbot_v1/tst_pkg/install/local_setup.zsh'
[2.192s] INFO:colcon.colcon_core.shell:Creating prefix chain script '/home/mandar/creatorbot_v1/tst_pkg/install/setup.zsh'
